Traceback (most recent call last):
  File "C:\Anaconda3\envs\tensorflow\lib\site-packages\tensorflow\python\client\session.py", line 1022, in _do_call
    return fn(*args)
  File "C:\Anaconda3\envs\tensorflow\lib\site-packages\tensorflow\python\client\session.py", line 1004, in _run_fn
    status, run_metadata)
  File "C:\Anaconda3\envs\tensorflow\lib\contextlib.py", line 66, in __exit__
    next(self.gen)
  File "C:\Anaconda3\envs\tensorflow\lib\site-packages\tensorflow\python\framework\errors_impl.py", line 466, in raise_exception_on_not_ok_status
    pywrap_tensorflow.TF_GetCode(status))
tensorflow.python.framework.errors_impl.InvalidArgumentError: Invalid JPEG data, size 0
	 [[Node: DecodeJpeg = DecodeJpeg[acceptable_fraction=1, channels=3, dct_method="", fancy_upscaling=true, ratio=1, try_recover_truncated=false, _device="/job:localhost/replica:0/task:0/cpu:0"](_recv_DecodeJpeg/contents_0)]]

During handling of the above exception, another exception occurred:

Traceback (most recent call last):
  File "classify_image.py", line 227, in <module>
    tf.app.run(main=main, argv=[sys.argv[0]] + unparsed)
  File "C:\Anaconda3\envs\tensorflow\lib\site-packages\tensorflow\python\platform\app.py", line 44, in run
    _sys.exit(main(_sys.argv[:1] + flags_passthrough))
  File "classify_image.py", line 193, in main
    run_inference_on_image(image)
  File "classify_image.py", line 157, in run_inference_on_image
    {'DecodeJpeg/contents:0': image_data})
  File "C:\Anaconda3\envs\tensorflow\lib\site-packages\tensorflow\python\client\session.py", line 767, in run
    run_metadata_ptr)
  File "C:\Anaconda3\envs\tensorflow\lib\site-packages\tensorflow\python\client\session.py", line 965, in _run
    feed_dict_string, options, run_metadata)
  File "C:\Anaconda3\envs\tensorflow\lib\site-packages\tensorflow\python\client\session.py", line 1015, in _do_run
    target_list, options, run_metadata)
  File "C:\Anaconda3\envs\tensorflow\lib\site-packages\tensorflow\python\client\session.py", line 1035, in _do_call
    raise type(e)(node_def, op, message)
tensorflow.python.framework.errors_impl.InvalidArgumentError: Invalid JPEG data, size 0
	 [[Node: DecodeJpeg = DecodeJpeg[acceptable_fraction=1, channels=3, dct_method="", fancy_upscaling=true, ratio=1, try_recover_truncated=false, _device="/job:localhost/replica:0/task:0/cpu:0"](_recv_DecodeJpeg/contents_0)]]

Caused by op 'DecodeJpeg', defined at:
  File "classify_image.py", line 227, in <module>
    tf.app.run(main=main, argv=[sys.argv[0]] + unparsed)
  File "C:\Anaconda3\envs\tensorflow\lib\site-packages\tensorflow\python\platform\app.py", line 44, in run
    _sys.exit(main(_sys.argv[:1] + flags_passthrough))
  File "classify_image.py", line 193, in main
    run_inference_on_image(image)
  File "classify_image.py", line 144, in run_inference_on_image
    create_graph()
  File "classify_image.py", line 127, in create_graph
    _ = tf.import_graph_def(graph_def, name='')
  File "C:\Anaconda3\envs\tensorflow\lib\site-packages\tensorflow\python\framework\importer.py", line 288, in import_graph_def
    op_def=op_def)
  File "C:\Anaconda3\envs\tensorflow\lib\site-packages\tensorflow\python\framework\ops.py", line 2327, in create_op
    original_op=self._default_original_op, op_def=op_def)
  File "C:\Anaconda3\envs\tensorflow\lib\site-packages\tensorflow\python\framework\ops.py", line 1226, in __init__
    self._traceback = _extract_stack()

InvalidArgumentError (see above for traceback): Invalid JPEG data, size 0
	 [[Node: DecodeJpeg = DecodeJpeg[acceptable_fraction=1, channels=3, dct_method="", fancy_upscaling=true, ratio=1, try_recover_truncated=false, _device="/job:localhost/replica:0/task:0/cpu:0"](_recv_DecodeJpeg/contents_0)]]

E c:\tf_jenkins\home\workspace\release-win\device\cpu\os\windows\tensorflow\core\framework\op_kernel.cc:943] OpKernel ('op: "BestSplits" device_type: "CPU"') for unknown op: BestSplits
E c:\tf_jenkins\home\workspace\release-win\device\cpu\os\windows\tensorflow\core\framework\op_kernel.cc:943] OpKernel ('op: "CountExtremelyRandomStats" device_type: "CPU"') for unknown op: CountExtremelyRandomStats
E c:\tf_jenkins\home\workspace\release-win\device\cpu\os\windows\tensorflow\core\framework\op_kernel.cc:943] OpKernel ('op: "FinishedNodes" device_type: "CPU"') for unknown op: FinishedNodes
E c:\tf_jenkins\home\workspace\release-win\device\cpu\os\windows\tensorflow\core\framework\op_kernel.cc:943] OpKernel ('op: "GrowTree" device_type: "CPU"') for unknown op: GrowTree
E c:\tf_jenkins\home\workspace\release-win\device\cpu\os\windows\tensorflow\core\framework\op_kernel.cc:943] OpKernel ('op: "ReinterpretStringToFloat" device_type: "CPU"') for unknown op: ReinterpretStringToFloat
E c:\tf_jenkins\home\workspace\release-win\device\cpu\os\windows\tensorflow\core\framework\op_kernel.cc:943] OpKernel ('op: "SampleInputs" device_type: "CPU"') for unknown op: SampleInputs
E c:\tf_jenkins\home\workspace\release-win\device\cpu\os\windows\tensorflow\core\framework\op_kernel.cc:943] OpKernel ('op: "ScatterAddNdim" device_type: "CPU"') for unknown op: ScatterAddNdim
E c:\tf_jenkins\home\workspace\release-win\device\cpu\os\windows\tensorflow\core\framework\op_kernel.cc:943] OpKernel ('op: "TopNInsert" device_type: "CPU"') for unknown op: TopNInsert
E c:\tf_jenkins\home\workspace\release-win\device\cpu\os\windows\tensorflow\core\framework\op_kernel.cc:943] OpKernel ('op: "TopNRemove" device_type: "CPU"') for unknown op: TopNRemove
E c:\tf_jenkins\home\workspace\release-win\device\cpu\os\windows\tensorflow\core\framework\op_kernel.cc:943] OpKernel ('op: "TreePredictions" device_type: "CPU"') for unknown op: TreePredictions
E c:\tf_jenkins\home\workspace\release-win\device\cpu\os\windows\tensorflow\core\framework\op_kernel.cc:943] OpKernel ('op: "UpdateFertileSlots" device_type: "CPU"') for unknown op: UpdateFertileSlots
W c:\tf_jenkins\home\workspace\release-win\device\cpu\os\windows\tensorflow\core\framework\op_def_util.cc:332] Op BatchNormWithGlobalNormalization is deprecated. It will cease to work in GraphDef version 9. Use tf.nn.batch_normalization().
